#
# A fatal error has been detected by the Java Runtime Environment:
#
#  EXCEPTION_ACCESS_VIOLATION (0xc0000005) at pc=0x00007ffa29653416, pid=22508, tid=21872
#
# JRE version: OpenJDK Runtime Environment (14.0.2+12) (build 14.0.2+12-46)
# Java VM: OpenJDK 64-Bit Server VM (14.0.2+12-46, mixed mode, tiered, compressed oops, g1 gc, windows-amd64)
# Problematic frame:
# C  [ntdll.dll+0x63416]
#
# No core dump will be written. Minidumps are not enabled by default on client versions of Windows
#
# If you would like to submit a bug report, please visit:
#   https://bugreport.java.com/bugreport/crash.jsp
# The crash happened outside the Java Virtual Machine in native code.
# See problematic frame for where to report the bug.
#

---------------  S U M M A R Y ------------

Command Line: -Dfile.encoding=Cp1252 -XX:+ShowCodeDetailsInExceptionMessages window.Window

Host: AMD Ryzen 5 2600 Six-Core Processor            , 12 cores, 31G,  Windows 10 , 64 bit Build 19041 (10.0.19041.1806)
Time: Sat Jul 16 18:40:58 2022 Pacific Daylight Time elapsed time: 14 seconds (0d 0h 0m 14s)

---------------  T H R E A D  ---------------

Current thread (0x000001795a1d1800):  JavaThread "Thread-0" [_thread_in_native, id=21872, stack(0x0000001be0d00000,0x0000001be0e00000)]

Stack: [0x0000001be0d00000,0x0000001be0e00000],  sp=0x0000001be0dfe720,  free space=1017k
Native frames: (J=compiled Java code, j=interpreted, Vv=VM code, C=native code)
C  [ntdll.dll+0x63416]
C  [ntdll.dll+0x2fcb4]
C  [ntdll.dll+0x2fae2]
C  0x00007ffa0916fe5c

Java frames: (J=compiled Java code, j=interpreted, Vv=VM code)
j  sun.java2d.d3d.D3DSurfaceData.initOps(III)V+0 java.desktop@14.0.2
j  sun.java2d.d3d.D3DSurfaceData.<init>(Lsun/awt/windows/WComponentPeer;Lsun/java2d/d3d/D3DGraphicsConfig;IILjava/awt/Image;Ljava/awt/image/ColorModel;IILsun/java2d/pipe/hw/ExtendedBufferCapabilities$VSyncType;I)V+212 java.desktop@14.0.2
j  sun.java2d.d3d.D3DSurfaceData.createData(Lsun/awt/windows/WComponentPeer;Ljava/awt/Image;)Lsun/java2d/d3d/D3DSurfaceData;+117 java.desktop@14.0.2
j  sun.java2d.d3d.D3DVolatileSurfaceManager.initAcceleratedSurface()Lsun/java2d/SurfaceData;+68 java.desktop@14.0.2
j  sun.java2d.d3d.D3DVolatileSurfaceManager.restoreAcceleratedSurface()V+49 java.desktop@14.0.2
J 1475 c1 sun.awt.image.VolatileSurfaceManager.validate(Ljava/awt/GraphicsConfiguration;)I java.desktop@14.0.2 (213 bytes) @ 0x000001792d131534 [0x000001792d130e80+0x00000000000006b4]
J 1474 c1 sun.awt.image.SunVolatileImage.validate(Ljava/awt/GraphicsConfiguration;)I java.desktop@14.0.2 (9 bytes) @ 0x000001792d130a44 [0x000001792d130940+0x0000000000000104]
J 1480 c1 java.awt.Component$FlipBufferStrategy.revalidate()V java.desktop@14.0.2 (145 bytes) @ 0x000001792d13487c [0x000001792d1343a0+0x00000000000004dc]
J 1479 c1 java.awt.Component$FlipBufferStrategy.getDrawGraphics()Ljava/awt/Graphics; java.desktop@14.0.2 (12 bytes) @ 0x000001792d133f44 [0x000001792d133e40+0x0000000000000104]
J 1538 c1 window.Field.Draw()V (103 bytes) @ 0x000001792d16843c [0x000001792d168320+0x000000000000011c]
j  window.Field.run()V+12
j  java.lang.Thread.run()V+11 java.base@14.0.2
v  ~StubRoutines::call_stub

siginfo: EXCEPTION_ACCESS_VIOLATION (0xc0000005), writing address 0x0000000000000024


Register to memory mapping:

RIP=0x00007ffa29653416 ntdll.dll
RAX=0x0 is NULL
RBX=0x0000017952adbfc8 points into unknown readable memory: 00 00 00 00 00 00 00 00
RCX=0x0000017952adbfc8 points into unknown readable memory: 00 00 00 00 00 00 00 00
RDX=0x00000000fffffffa is an unknown value
RSP=0x0000001be0dfe720 is pointing into the stack for thread: 0x000001795a1d1800
RBP=0x0000000000010000 is an unknown value
RSI=0x0 is NULL
RDI=0x0 is NULL
R8 =0x0 is NULL
R9 =0x0000017952adbf00 points into unknown readable memory: 2e da 7e d8 a9 4f f8 3e
R10=0x000090bbefe8eebb is an unknown value
R11=0x000090bbefe8ed45 is an unknown value
R12=0x0 is NULL
R13=0x0000001bdef9a000 points into unknown readable memory: 00 00 00 00 00 00 00 00
R14=0x0000000000000001 is an unknown value
R15=0x0 is NULL


Registers:
RAX=0x0000000000000000, RBX=0x0000017952adbfc8, RCX=0x0000017952adbfc8, RDX=0x00000000fffffffa
RSP=0x0000001be0dfe720, RBP=0x0000000000010000, RSI=0x0000000000000000, RDI=0x0000000000000000
R8 =0x0000000000000000, R9 =0x0000017952adbf00, R10=0x000090bbefe8eebb, R11=0x000090bbefe8ed45
R12=0x0000000000000000, R13=0x0000001bdef9a000, R14=0x0000000000000001, R15=0x0000000000000000
RIP=0x00007ffa29653416, EFLAGS=0x0000000000010213

Top of Stack: (sp=0x0000001be0dfe720)
0x0000001be0dfe720:   ffffffffffffffff 0000017952adbfc8
0x0000001be0dfe730:   0000000600000000 0000001be0dfe6e8
0x0000001be0dfe740:   0000001be0dfe729 0000000800000005
0x0000001be0dfe750:   0000017926940200 0000000000000000
0x0000001be0dfe760:   00002c8efa20ee00 00000179fffffffa
0x0000001be0dfe770:   0000001bdef9a000 0000000000000000
0x0000001be0dfe780:   000001795b21e590 0000000000000000
0x0000001be0dfe790:   000001795a1d1800 00007ffa0c70d300
0x0000001be0dfe7a0:   000001795a1d1b10 00007ff9b6de82b5
0x0000001be0dfe7b0:   0000ec3a2512f037 00007ffa2961b3c7
0x0000001be0dfe7c0:   000001795a1d1800 0000000000000001
0x0000001be0dfe7d0:   0000000000000001 0000000000000001
0x0000001be0dfe7e0:   0000000000000000 0000017952adbfc8
0x0000001be0dfe7f0:   0000000000010000 00007ffa2961fcb4
0x0000001be0dfe800:   0000001be0dfe190 000001795a1d1800
0x0000001be0dfe810:   00000000fffffffa 0000000000000000 

Instructions: (pc=0x00007ffa29653416)
0x00007ffa29653316:   20 e9 ed fe ff ff 48 89 41 18 e9 e4 fe ff ff cc
0x00007ffa29653326:   cc cc cc cc cc cc cc cc cc cc 80 3d d1 91 10 00
0x00007ffa29653336:   00 0f 95 c0 c3 cc cc cc cc cc cc cc cc cc cc cc
0x00007ffa29653346:   cc cc cc cc cc cc cc cc cc cc 48 83 ec 38 8b 05
0x00007ffa29653356:   d2 77 10 00 89 44 24 20 e8 41 02 00 00 48 83 c4
0x00007ffa29653366:   38 c3 cc cc cc cc cc cc cc cc 48 89 5c 24 18 55
0x00007ffa29653376:   56 57 41 54 41 55 41 56 41 57 48 81 ec a0 00 00
0x00007ffa29653386:   00 48 8b 05 82 11 12 00 48 33 c4 48 89 84 24 90
0x00007ffa29653396:   00 00 00 65 4c 8b 2c 25 30 00 00 00 48 8d 05 1f
0x00007ffa296533a6:   32 10 00 40 32 ed 89 54 24 48 33 f6 40 88 6c 24
0x00007ffa296533b6:   40 4c 89 6c 24 50 48 8b d9 44 8b e6 48 3b c8 0f
0x00007ffa296533c6:   84 39 01 00 00 40 38 35 36 91 10 00 0f 85 a8 01
0x00007ffa296533d6:   00 00 39 35 4a 91 10 00 0f 85 6a 01 00 00 40 38
0x00007ffa296533e6:   35 0d 8c 10 00 48 8d 3d 0e 8c 10 00 48 0f 45 fe
0x00007ffa296533f6:   48 39 73 18 0f 84 d2 00 00 00 48 8b 03 48 83 f8
0x00007ffa29653406:   ff 0f 84 d2 00 00 00 44 8b fe 48 83 f8 ff 74 03
0x00007ffa29653416:   ff 40 24 4c 8b 73 18 4c 8d 2d a4 31 10 00 bd 22
0x00007ffa29653426:   17 00 00 e8 22 14 fc ff 85 c0 0f 85 be b4 05 00
0x00007ffa29653436:   b9 82 03 fe 7f 80 39 00 0f 85 cc b4 05 00 49 83
0x00007ffa29653446:   fe ff 0f 85 5a b5 05 00 4c 8b cf c7 44 24 20 00
0x00007ffa29653456:   00 00 00 41 b8 04 00 00 00 48 8d 54 24 48 48 8d
0x00007ffa29653466:   4b 08 e8 37 01 00 00 3d 02 01 00 00 0f 84 43 b5
0x00007ffa29653476:   05 00 8b 4b 08 89 4c 24 48 f6 c1 02 75 ca 3d 02
0x00007ffa29653486:   01 00 00 0f 84 2c b5 05 00 0f b6 6c 24 40 4c 8b
0x00007ffa29653496:   6c 24 50 85 c0 0f 88 78 b6 05 00 40 84 ed 75 73
0x00007ffa296534a6:   48 8b 8c 24 90 00 00 00 48 33 cc e8 7a 8d 02 00
0x00007ffa296534b6:   48 8b 9c 24 f0 00 00 00 48 81 c4 a0 00 00 00 41
0x00007ffa296534c6:   5f 41 5e 41 5d 41 5c 5f 5e 5d c3 cc 48 8b cb e8
0x00007ffa296534d6:   56 05 00 00 e9 21 ff ff ff 8b 4b 20 48 c7 c0 ff
0x00007ffa296534e6:   ff ff ff 48 0f ba e1 18 0f 82 19 ff ff ff 48 8b
0x00007ffa296534f6:   cb e8 44 e3 fa ff 48 8b 03 e9 09 ff ff ff c6 44
0x00007ffa29653506:   24 40 01 41 c7 85 60 17 00 00 01 00 00 00 e9 b2 


Stack slot to memory mapping:
stack at sp + 0 slots: 0xffffffffffffffff is an unknown value
stack at sp + 1 slots: 0x0000017952adbfc8 points into unknown readable memory: 00 00 00 00 00 00 00 00
stack at sp + 2 slots: 0x0000000600000000 is an unknown value
stack at sp + 3 slots: 0x0000001be0dfe6e8 is pointing into the stack for thread: 0x000001795a1d1800
stack at sp + 4 slots: 0x0000001be0dfe729 is pointing into the stack for thread: 0x000001795a1d1800
stack at sp + 5 slots: 0x0000000800000005 is pointing into metadata
stack at sp + 6 slots: 0x0000017926940200 points into unknown readable memory: 1c 00 00 00 00 00 00 00
stack at sp + 7 slots: 0x0 is NULL


---------------  P R O C E S S  ---------------

Threads class SMR info:
_java_thread_list=0x000001795a36d0d0, length=16, elements={
0x00000179524c1000, 0x00000179524c4000, 0x0000017952512000, 0x0000017952513000,
0x0000017952523000, 0x0000017952528000, 0x000001795252a000, 0x000001795253d000,
0x00000179526b8000, 0x00000179526c3000, 0x0000017952ab9800, 0x0000017952abe800,
0x0000017952feb800, 0x0000017928bfc000, 0x000001795a1d1800, 0x0000017953051000
}

Java Threads: ( => current thread )
  0x00000179524c1000 JavaThread "Reference Handler" daemon [_thread_blocked, id=280, stack(0x0000001bdfb00000,0x0000001bdfc00000)]
  0x00000179524c4000 JavaThread "Finalizer" daemon [_thread_blocked, id=20504, stack(0x0000001bdfc00000,0x0000001bdfd00000)]
  0x0000017952512000 JavaThread "Signal Dispatcher" daemon [_thread_blocked, id=20296, stack(0x0000001bdfd00000,0x0000001bdfe00000)]
  0x0000017952513000 JavaThread "Attach Listener" daemon [_thread_blocked, id=21384, stack(0x0000001bdfe00000,0x0000001bdff00000)]
  0x0000017952523000 JavaThread "Service Thread" daemon [_thread_blocked, id=19888, stack(0x0000001bdff00000,0x0000001be0000000)]
  0x0000017952528000 JavaThread "C2 CompilerThread0" daemon [_thread_blocked, id=16996, stack(0x0000001be0000000,0x0000001be0100000)]
  0x000001795252a000 JavaThread "C1 CompilerThread0" daemon [_thread_blocked, id=19828, stack(0x0000001be0100000,0x0000001be0200000)]
  0x000001795253d000 JavaThread "Sweeper thread" daemon [_thread_blocked, id=19620, stack(0x0000001be0200000,0x0000001be0300000)]
  0x00000179526b8000 JavaThread "Notification Thread" daemon [_thread_blocked, id=21956, stack(0x0000001be0300000,0x0000001be0400000)]
  0x00000179526c3000 JavaThread "Common-Cleaner" daemon [_thread_blocked, id=5908, stack(0x0000001be0500000,0x0000001be0600000)]
  0x0000017952ab9800 JavaThread "Java2D Disposer" daemon [_thread_blocked, id=22084, stack(0x0000001be0600000,0x0000001be0700000)]
  0x0000017952abe800 JavaThread "AWT-Shutdown" [_thread_blocked, id=21892, stack(0x0000001be0700000,0x0000001be0800000)]
  0x0000017952feb800 JavaThread "AWT-EventQueue-0" [_thread_blocked, id=13948, stack(0x0000001be0b00000,0x0000001be0c00000)]
  0x0000017928bfc000 JavaThread "DestroyJavaVM" [_thread_blocked, id=20764, stack(0x0000001bdf400000,0x0000001bdf500000)]
=>0x000001795a1d1800 JavaThread "Thread-0" [_thread_in_native, id=21872, stack(0x0000001be0d00000,0x0000001be0e00000)]
  0x0000017953051000 JavaThread "ToolkitShutdown" daemon [_thread_in_native, id=6984, stack(0x0000001be1110000,0x0000001be1210000)]

Other Threads:
  0x00000179524da000 VMThread "VM Thread" [stack: 0x0000001bdfa00000,0x0000001bdfb00000] [id=17424]
  0x00000179526bb000 WatcherThread [stack: 0x0000001be0400000,0x0000001be0500000] [id=11968]
  0x0000017928c80800 GCTaskThread "GC Thread#0" [stack: 0x0000001bdf500000,0x0000001bdf600000] [id=20864]
  0x0000017928ca4800 ConcurrentGCThread "G1 Main Marker" [stack: 0x0000001bdf600000,0x0000001bdf700000] [id=4116]
  0x0000017928ca8000 ConcurrentGCThread "G1 Conc#0" [stack: 0x0000001bdf700000,0x0000001bdf800000] [id=3476]
  0x0000017951aeb000 ConcurrentGCThread "G1 Refine#0" [stack: 0x0000001bdf800000,0x0000001bdf900000] [id=12784]
  0x0000017951aec800 ConcurrentGCThread "G1 Young RemSet Sampling" [stack: 0x0000001bdf900000,0x0000001bdfa00000] [id=21664]

Threads with active compile tasks:

VM state:not at safepoint (normal execution)

VM Mutex/Monitor currently owned by a thread: None

Heap address: 0x0000000600c00000, size: 8180 MB, Compressed Oops mode: Zero based, Oop shift amount: 3
Narrow klass base: 0x0000000800000000, Narrow klass shift: 0
Compressed class space size: 1073741824 Address: 0x0000000800000000

Heap:
 garbage-first heap   total 524288K, used 24576K [0x0000000600c00000, 0x0000000800000000)
  region size 2048K, 11 young (22528K), 0 survivors (0K)
 Metaspace       used 15220K, capacity 15518K, committed 15744K, reserved 1062912K
  class space    used 1469K, capacity 1605K, committed 1664K, reserved 1048576K
Heap Regions: E=young(eden), S=young(survivor), O=old, HS=humongous(starts), HC=humongous(continues), CS=collection set, F=free, OA=open archive, CA=closed archive, TAMS=top-at-mark-start (previous, next)
|   0|0x0000000600c00000, 0x0000000600e00000, 0x0000000600e00000|100%|HS|  |TAMS 0x0000000600c00000, 0x0000000600c00000| Complete 
|   1|0x0000000600e00000, 0x0000000601000000, 0x0000000601000000|100%|HS|  |TAMS 0x0000000600e00000, 0x0000000600e00000| Complete 
|   2|0x0000000601000000, 0x0000000601000000, 0x0000000601200000|  0%| F|  |TAMS 0x0000000601000000, 0x0000000601000000| Untracked 
|   3|0x0000000601200000, 0x0000000601200000, 0x0000000601400000|  0%| F|  |TAMS 0x0000000601200000, 0x0000000601200000| Untracked 
|   4|0x0000000601400000, 0x0000000601400000, 0x0000000601600000|  0%| F|  |TAMS 0x0000000601400000, 0x0000000601400000| Untracked 
|   5|0x0000000601600000, 0x0000000601600000, 0x0000000601800000|  0%| F|  |TAMS 0x0000000601600000, 0x0000000601600000| Untracked 
|   6|0x0000000601800000, 0x0000000601800000, 0x0000000601a00000|  0%| F|  |TAMS 0x0000000601800000, 0x0000000601800000| Untracked 
|   7|0x0000000601a00000, 0x0000000601a00000, 0x0000000601c00000|  0%| F|  |TAMS 0x0000000601a00000, 0x0000000601a00000| Untracked 
|   8|0x0000000601c00000, 0x0000000601c00000, 0x0000000601e00000|  0%| F|  |TAMS 0x0000000601c00000, 0x0000000601c00000| Untracked 
|   9|0x0000000601e00000, 0x0000000601e00000, 0x0000000602000000|  0%| F|  |TAMS 0x0000000601e00000, 0x0000000601e00000| Untracked 
|  10|0x0000000602000000, 0x0000000602000000, 0x0000000602200000|  0%| F|  |TAMS 0x0000000602000000, 0x0000000602000000| Untracked 
|  11|0x0000000602200000, 0x0000000602200000, 0x0000000602400000|  0%| F|  |TAMS 0x0000000602200000, 0x0000000602200000| Untracked 
|  12|0x0000000602400000, 0x0000000602400000, 0x0000000602600000|  0%| F|  |TAMS 0x0000000602400000, 0x0000000602400000| Untracked 
|  13|0x0000000602600000, 0x0000000602600000, 0x0000000602800000|  0%| F|  |TAMS 0x0000000602600000, 0x0000000602600000| Untracked 
|  14|0x0000000602800000, 0x0000000602800000, 0x0000000602a00000|  0%| F|  |TAMS 0x0000000602800000, 0x0000000602800000| Untracked 
|  15|0x0000000602a00000, 0x0000000602a00000, 0x0000000602c00000|  0%| F|  |TAMS 0x0000000602a00000, 0x0000000602a00000| Untracked 
|  16|0x0000000602c00000, 0x0000000602c00000, 0x0000000602e00000|  0%| F|  |TAMS 0x0000000602c00000, 0x0000000602c00000| Untracked 
|  17|0x0000000602e00000, 0x0000000602e00000, 0x0000000603000000|  0%| F|  |TAMS 0x0000000602e00000, 0x0000000602e00000| Untracked 
|  18|0x0000000603000000, 0x0000000603000000, 0x0000000603200000|  0%| F|  |TAMS 0x0000000603000000, 0x0000000603000000| Untracked 
|  19|0x0000000603200000, 0x0000000603200000, 0x0000000603400000|  0%| F|  |TAMS 0x0000000603200000, 0x0000000603200000| Untracked 
|  20|0x0000000603400000, 0x0000000603400000, 0x0000000603600000|  0%| F|  |TAMS 0x0000000603400000, 0x0000000603400000| Untracked 
|  21|0x0000000603600000, 0x0000000603600000, 0x0000000603800000|  0%| F|  |TAMS 0x0000000603600000, 0x0000000603600000| Untracked 
|  22|0x0000000603800000, 0x0000000603800000, 0x0000000603a00000|  0%| F|  |TAMS 0x0000000603800000, 0x0000000603800000| Untracked 
|  23|0x0000000603a00000, 0x0000000603a00000, 0x0000000603c00000|  0%| F|  |TAMS 0x0000000603a00000, 0x0000000603a00000| Untracked 
|  24|0x0000000603c00000, 0x0000000603c00000, 0x0000000603e00000|  0%| F|  |TAMS 0x0000000603c00000, 0x0000000603c00000| Untracked 
|  25|0x0000000603e00000, 0x0000000603e00000, 0x0000000604000000|  0%| F|  |TAMS 0x0000000603e00000, 0x0000000603e00000| Untracked 
|  26|0x0000000604000000, 0x0000000604000000, 0x0000000604200000|  0%| F|  |TAMS 0x0000000604000000, 0x0000000604000000| Untracked 
|  27|0x0000000604200000, 0x0000000604200000, 0x0000000604400000|  0%| F|  |TAMS 0x0000000604200000, 0x0000000604200000| Untracked 
|  28|0x0000000604400000, 0x0000000604400000, 0x0000000604600000|  0%| F|  |TAMS 0x0000000604400000, 0x0000000604400000| Untracked 
|  29|0x0000000604600000, 0x0000000604600000, 0x0000000604800000|  0%| F|  |TAMS 0x0000000604600000, 0x0000000604600000| Untracked 
|  30|0x0000000604800000, 0x0000000604800000, 0x0000000604a00000|  0%| F|  |TAMS 0x0000000604800000, 0x0000000604800000| Untracked 
|  31|0x0000000604a00000, 0x0000000604a00000, 0x0000000604c00000|  0%| F|  |TAMS 0x0000000604a00000, 0x0000000604a00000| Untracked 
|  32|0x0000000604c00000, 0x0000000604c00000, 0x0000000604e00000|  0%| F|  |TAMS 0x0000000604c00000, 0x0000000604c00000| Untracked 
|  33|0x0000000604e00000, 0x0000000604e00000, 0x0000000605000000|  0%| F|  |TAMS 0x0000000604e00000, 0x0000000604e00000| Untracked 
|  34|0x0000000605000000, 0x0000000605000000, 0x0000000605200000|  0%| F|  |TAMS 0x0000000605000000, 0x0000000605000000| Untracked 
|  35|0x0000000605200000, 0x0000000605200000, 0x0000000605400000|  0%| F|  |TAMS 0x0000000605200000, 0x0000000605200000| Untracked 
|  36|0x0000000605400000, 0x0000000605400000, 0x0000000605600000|  0%| F|  |TAMS 0x0000000605400000, 0x0000000605400000| Untracked 
|  37|0x0000000605600000, 0x0000000605600000, 0x0000000605800000|  0%| F|  |TAMS 0x0000000605600000, 0x0000000605600000| Untracked 
|  38|0x0000000605800000, 0x0000000605800000, 0x0000000605a00000|  0%| F|  |TAMS 0x0000000605800000, 0x0000000605800000| Untracked 
|  39|0x0000000605a00000, 0x0000000605a00000, 0x0000000605c00000|  0%| F|  |TAMS 0x0000000605a00000, 0x0000000605a00000| Untracked 
|  40|0x0000000605c00000, 0x0000000605c00000, 0x0000000605e00000|  0%| F|  |TAMS 0x0000000605c00000, 0x0000000605c00000| Untracked 
|  41|0x0000000605e00000, 0x0000000605e00000, 0x0000000606000000|  0%| F|  |TAMS 0x0000000605e00000, 0x0000000605e00000| Untracked 
|  42|0x0000000606000000, 0x0000000606000000, 0x0000000606200000|  0%| F|  |TAMS 0x0000000606000000, 0x0000000606000000| Untracked 
|  43|0x0000000606200000, 0x0000000606200000, 0x0000000606400000|  0%| F|  |TAMS 0x0000000606200000, 0x0000000606200000| Untracked 
|  44|0x0000000606400000, 0x0000000606400000, 0x0000000606600000|  0%| F|  |TAMS 0x0000000606400000, 0x0000000606400000| Untracked 
|  45|0x0000000606600000, 0x0000000606600000, 0x0000000606800000|  0%| F|  |TAMS 0x0000000606600000, 0x0000000606600000| Untracked 
|  46|0x0000000606800000, 0x0000000606800000, 0x0000000606a00000|  0%| F|  |TAMS 0x0000000606800000, 0x0000000606800000| Untracked 
|  47|0x0000000606a00000, 0x0000000606a00000, 0x0000000606c00000|  0%| F|  |TAMS 0x0000000606a00000, 0x0000000606a00000| Untracked 
|  48|0x0000000606c00000, 0x0000000606c00000, 0x0000000606e00000|  0%| F|  |TAMS 0x0000000606c00000, 0x0000000606c00000| Untracked 
|  49|0x0000000606e00000, 0x0000000606e00000, 0x0000000607000000|  0%| F|  |TAMS 0x0000000606e00000, 0x0000000606e00000| Untracked 
|  50|0x0000000607000000, 0x0000000607000000, 0x0000000607200000|  0%| F|  |TAMS 0x0000000607000000, 0x0000000607000000| Untracked 
|  51|0x0000000607200000, 0x0000000607200000, 0x0000000607400000|  0%| F|  |TAMS 0x0000000607200000, 0x0000000607200000| Untracked 
|  52|0x0000000607400000, 0x0000000607400000, 0x0000000607600000|  0%| F|  |TAMS 0x0000000607400000, 0x0000000607400000| Untracked 
|  53|0x0000000607600000, 0x0000000607600000, 0x0000000607800000|  0%| F|  |TAMS 0x0000000607600000, 0x0000000607600000| Untracked 
|  54|0x0000000607800000, 0x0000000607800000, 0x0000000607a00000|  0%| F|  |TAMS 0x0000000607800000, 0x0000000607800000| Untracked 
|  55|0x0000000607a00000, 0x0000000607a00000, 0x0000000607c00000|  0%| F|  |TAMS 0x0000000607a00000, 0x0000000607a00000| Untracked 
|  56|0x0000000607c00000, 0x0000000607c00000, 0x0000000607e00000|  0%| F|  |TAMS 0x0000000607c00000, 0x0000000607c00000| Untracked 
|  57|0x0000000607e00000, 0x0000000607e00000, 0x0000000608000000|  0%| F|  |TAMS 0x0000000607e00000, 0x0000000607e00000| Untracked 
|  58|0x0000000608000000, 0x0000000608000000, 0x0000000608200000|  0%| F|  |TAMS 0x0000000608000000, 0x0000000608000000| Untracked 
|  59|0x0000000608200000, 0x0000000608200000, 0x0000000608400000|  0%| F|  |TAMS 0x0000000608200000, 0x0000000608200000| Untracked 
|  60|0x0000000608400000, 0x0000000608400000, 0x0000000608600000|  0%| F|  |TAMS 0x0000000608400000, 0x0000000608400000| Untracked 
|  61|0x0000000608600000, 0x0000000608600000, 0x0000000608800000|  0%| F|  |TAMS 0x0000000608600000, 0x0000000608600000| Untracked 
|  62|0x0000000608800000, 0x0000000608800000, 0x0000000608a00000|  0%| F|  |TAMS 0x0000000608800000, 0x0000000608800000| Untracked 
|  63|0x0000000608a00000, 0x0000000608a00000, 0x0000000608c00000|  0%| F|  |TAMS 0x0000000608a00000, 0x0000000608a00000| Untracked 
|  64|0x0000000608c00000, 0x0000000608c00000, 0x0000000608e00000|  0%| F|  |TAMS 0x0000000608c00000, 0x0000000608c00000| Untracked 
|  65|0x0000000608e00000, 0x0000000608e00000, 0x0000000609000000|  0%| F|  |TAMS 0x0000000608e00000, 0x0000000608e00000| Untracked 
|  66|0x0000000609000000, 0x0000000609000000, 0x0000000609200000|  0%| F|  |TAMS 0x0000000609000000, 0x0000000609000000| Untracked 
|  67|0x0000000609200000, 0x0000000609200000, 0x0000000609400000|  0%| F|  |TAMS 0x0000000609200000, 0x0000000609200000| Untracked 
|  68|0x0000000609400000, 0x0000000609400000, 0x0000000609600000|  0%| F|  |TAMS 0x0000000609400000, 0x0000000609400000| Untracked 
|  69|0x0000000609600000, 0x0000000609600000, 0x0000000609800000|  0%| F|  |TAMS 0x0000000609600000, 0x0000000609600000| Untracked 
|  70|0x0000000609800000, 0x0000000609800000, 0x0000000609a00000|  0%| F|  |TAMS 0x0000000609800000, 0x0000000609800000| Untracked 
|  71|0x0000000609a00000, 0x0000000609a00000, 0x0000000609c00000|  0%| F|  |TAMS 0x0000000609a00000, 0x0000000609a00000| Untracked 
|  72|0x0000000609c00000, 0x0000000609c00000, 0x0000000609e00000|  0%| F|  |TAMS 0x0000000609c00000, 0x0000000609c00000| Untracked 
|  73|0x0000000609e00000, 0x0000000609e00000, 0x000000060a000000|  0%| F|  |TAMS 0x0000000609e00000, 0x0000000609e00000| Untracked 
|  74|0x000000060a000000, 0x000000060a000000, 0x000000060a200000|  0%| F|  |TAMS 0x000000060a000000, 0x000000060a000000| Untracked 
|  75|0x000000060a200000, 0x000000060a200000, 0x000000060a400000|  0%| F|  |TAMS 0x000000060a200000, 0x000000060a200000| Untracked 
|  76|0x000000060a400000, 0x000000060a400000, 0x000000060a600000|  0%| F|  |TAMS 0x000000060a400000, 0x000000060a400000| Untracked 
|  77|0x000000060a600000, 0x000000060a600000, 0x000000060a800000|  0%| F|  |TAMS 0x000000060a600000, 0x000000060a600000| Untracked 
|  78|0x000000060a800000, 0x000000060a800000, 0x000000060aa00000|  0%| F|  |TAMS 0x000000060a800000, 0x000000060a800000| Untracked 
|  79|0x000000060aa00000, 0x000000060aa00000, 0x000000060ac00000|  0%| F|  |TAMS 0x000000060aa00000, 0x000000060aa00000| Untracked 
|  80|0x000000060ac00000, 0x000000060ac00000, 0x000000060ae00000|  0%| F|  |TAMS 0x000000060ac00000, 0x000000060ac00000| Untracked 
|  81|0x000000060ae00000, 0x000000060ae00000, 0x000000060b000000|  0%| F|  |TAMS 0x000000060ae00000, 0x000000060ae00000| Untracked 
|  82|0x000000060b000000, 0x000000060b000000, 0x000000060b200000|  0%| F|  |TAMS 0x000000060b000000, 0x000000060b000000| Untracked 
|  83|0x000000060b200000, 0x000000060b200000, 0x000000060b400000|  0%| F|  |TAMS 0x000000060b200000, 0x000000060b200000| Untracked 
|  84|0x000000060b400000, 0x000000060b400000, 0x000000060b600000|  0%| F|  |TAMS 0x000000060b400000, 0x000000060b400000| Untracked 
|  85|0x000000060b600000, 0x000000060b600000, 0x000000060b800000|  0%| F|  |TAMS 0x000000060b600000, 0x000000060b600000| Untracked 
|  86|0x000000060b800000, 0x000000060b800000, 0x000000060ba00000|  0%| F|  |TAMS 0x000000060b800000, 0x000000060b800000| Untracked 
|  87|0x000000060ba00000, 0x000000060ba00000, 0x000000060bc00000|  0%| F|  |TAMS 0x000000060ba00000, 0x000000060ba00000| Untracked 
|  88|0x000000060bc00000, 0x000000060bc00000, 0x000000060be00000|  0%| F|  |TAMS 0x000000060bc00000, 0x000000060bc00000| Untracked 
|  89|0x000000060be00000, 0x000000060be00000, 0x000000060c000000|  0%| F|  |TAMS 0x000000060be00000, 0x000000060be00000| Untracked 
|  90|0x000000060c000000, 0x000000060c000000, 0x000000060c200000|  0%| F|  |TAMS 0x000000060c000000, 0x000000060c000000| Untracked 
|  91|0x000000060c200000, 0x000000060c200000, 0x000000060c400000|  0%| F|  |TAMS 0x000000060c200000, 0x000000060c200000| Untracked 
|  92|0x000000060c400000, 0x000000060c400000, 0x000000060c600000|  0%| F|  |TAMS 0x000000060c400000, 0x000000060c400000| Untracked 
|  93|0x000000060c600000, 0x000000060c600000, 0x000000060c800000|  0%| F|  |TAMS 0x000000060c600000, 0x000000060c600000| Untracked 
|  94|0x000000060c800000, 0x000000060c800000, 0x000000060ca00000|  0%| F|  |TAMS 0x000000060c800000, 0x000000060c800000| Untracked 
|  95|0x000000060ca00000, 0x000000060ca00000, 0x000000060cc00000|  0%| F|  |TAMS 0x000000060ca00000, 0x000000060ca00000| Untracked 
|  96|0x000000060cc00000, 0x000000060cc00000, 0x000000060ce00000|  0%| F|  |TAMS 0x000000060cc00000, 0x000000060cc00000| Untracked 
|  97|0x000000060ce00000, 0x000000060ce00000, 0x000000060d000000|  0%| F|  |TAMS 0x000000060ce00000, 0x000000060ce00000| Untracked 
|  98|0x000000060d000000, 0x000000060d000000, 0x000000060d200000|  0%| F|  |TAMS 0x000000060d000000, 0x000000060d000000| Untracked 
|  99|0x000000060d200000, 0x000000060d200000, 0x000000060d400000|  0%| F|  |TAMS 0x000000060d200000, 0x000000060d200000| Untracked 
| 100|0x000000060d400000, 0x000000060d400000, 0x000000060d600000|  0%| F|  |TAMS 0x000000060d400000, 0x000000060d400000| Untracked 
| 101|0x000000060d600000, 0x000000060d600000, 0x000000060d800000|  0%| F|  |TAMS 0x000000060d600000, 0x000000060d600000| Untracked 
| 102|0x000000060d800000, 0x000000060d800000, 0x000000060da00000|  0%| F|  |TAMS 0x000000060d800000, 0x000000060d800000| Untracked 
| 103|0x000000060da00000, 0x000000060da00000, 0x000000060dc00000|  0%| F|  |TAMS 0x000000060da00000, 0x000000060da00000| Untracked 
| 104|0x000000060dc00000, 0x000000060dc00000, 0x000000060de00000|  0%| F|  |TAMS 0x000000060dc00000, 0x000000060dc00000| Untracked 
| 105|0x000000060de00000, 0x000000060de00000, 0x000000060e000000|  0%| F|  |TAMS 0x000000060de00000, 0x000000060de00000| Untracked 
| 106|0x000000060e000000, 0x000000060e000000, 0x000000060e200000|  0%| F|  |TAMS 0x000000060e000000, 0x000000060e000000| Untracked 
| 107|0x000000060e200000, 0x000000060e200000, 0x000000060e400000|  0%| F|  |TAMS 0x000000060e200000, 0x000000060e200000| Untracked 
| 108|0x000000060e400000, 0x000000060e400000, 0x000000060e600000|  0%| F|  |TAMS 0x000000060e400000, 0x000000060e400000| Untracked 
| 109|0x000000060e600000, 0x000000060e600000, 0x000000060e800000|  0%| F|  |TAMS 0x000000060e600000, 0x000000060e600000| Untracked 
| 110|0x000000060e800000, 0x000000060e800000, 0x000000060ea00000|  0%| F|  |TAMS 0x000000060e800000, 0x000000060e800000| Untracked 
| 111|0x000000060ea00000, 0x000000060ea00000, 0x000000060ec00000|  0%| F|  |TAMS 0x000000060ea00000, 0x000000060ea00000| Untracked 
| 112|0x000000060ec00000, 0x000000060ec00000, 0x000000060ee00000|  0%| F|  |TAMS 0x000000060ec00000, 0x000000060ec00000| Untracked 
| 113|0x000000060ee00000, 0x000000060ee00000, 0x000000060f000000|  0%| F|  |TAMS 0x000000060ee00000, 0x000000060ee00000| Untracked 
| 114|0x000000060f000000, 0x000000060f000000, 0x000000060f200000|  0%| F|  |TAMS 0x000000060f000000, 0x000000060f000000| Untracked 
| 115|0x000000060f200000, 0x000000060f200000, 0x000000060f400000|  0%| F|  |TAMS 0x000000060f200000, 0x000000060f200000| Untracked 
| 116|0x000000060f400000, 0x000000060f400000, 0x000000060f600000|  0%| F|  |TAMS 0x000000060f400000, 0x000000060f400000| Untracked 
| 117|0x000000060f600000, 0x000000060f600000, 0x000000060f800000|  0%| F|  |TAMS 0x000000060f600000, 0x000000060f600000| Untracked 
| 118|0x000000060f800000, 0x000000060f800000, 0x000000060fa00000|  0%| F|  |TAMS 0x000000060f800000, 0x000000060f800000| Untracked 
| 119|0x000000060fa00000, 0x000000060fa00000, 0x000000060fc00000|  0%| F|  |TAMS 0x000000060fa00000, 0x000000060fa00000| Untracked 
| 120|0x000000060fc00000, 0x000000060fc00000, 0x000000060fe00000|  0%| F|  |TAMS 0x000000060fc00000, 0x000000060fc00000| Untracked 
| 121|0x000000060fe00000, 0x000000060fe00000, 0x0000000610000000|  0%| F|  |TAMS 0x000000060fe00000, 0x000000060fe00000| Untracked 
| 122|0x0000000610000000, 0x0000000610000000, 0x0000000610200000|  0%| F|  |TAMS 0x0000000610000000, 0x0000000610000000| Untracked 
| 123|0x0000000610200000, 0x0000000610200000, 0x0000000610400000|  0%| F|  |TAMS 0x0000000610200000, 0x0000000610200000| Untracked 
| 124|0x0000000610400000, 0x0000000610400000, 0x0000000610600000|  0%| F|  |TAMS 0x0000000610400000, 0x0000000610400000| Untracked 
| 125|0x0000000610600000, 0x0000000610600000, 0x0000000610800000|  0%| F|  |TAMS 0x0000000610600000, 0x0000000610600000| Untracked 
| 126|0x0000000610800000, 0x0000000610800000, 0x0000000610a00000|  0%| F|  |TAMS 0x0000000610800000, 0x0000000610800000| Untracked 
| 127|0x0000000610a00000, 0x0000000610a00000, 0x0000000610c00000|  0%| F|  |TAMS 0x0000000610a00000, 0x0000000610a00000| Untracked 
| 128|0x0000000610c00000, 0x0000000610c00000, 0x0000000610e00000|  0%| F|  |TAMS 0x0000000610c00000, 0x0000000610c00000| Untracked 
| 129|0x0000000610e00000, 0x0000000610e00000, 0x0000000611000000|  0%| F|  |TAMS 0x0000000610e00000, 0x0000000610e00000| Untracked 
| 130|0x0000000611000000, 0x0000000611000000, 0x0000000611200000|  0%| F|  |TAMS 0x0000000611000000, 0x0000000611000000| Untracked 
| 131|0x0000000611200000, 0x0000000611200000, 0x0000000611400000|  0%| F|  |TAMS 0x0000000611200000, 0x0000000611200000| Untracked 
| 132|0x0000000611400000, 0x0000000611400000, 0x0000000611600000|  0%| F|  |TAMS 0x0000000611400000, 0x0000000611400000| Untracked 
| 133|0x0000000611600000, 0x0000000611600000, 0x0000000611800000|  0%| F|  |TAMS 0x0000000611600000, 0x0000000611600000| Untracked 
| 134|0x0000000611800000, 0x0000000611800000, 0x0000000611a00000|  0%| F|  |TAMS 0x0000000611800000, 0x0000000611800000| Untracked 
| 135|0x0000000611a00000, 0x0000000611a00000, 0x0000000611c00000|  0%| F|  |TAMS 0x0000000611a00000, 0x0000000611a00000| Untracked 
| 136|0x0000000611c00000, 0x0000000611c00000, 0x0000000611e00000|  0%| F|  |TAMS 0x0000000611c00000, 0x0000000611c00000| Untracked 
| 137|0x0000000611e00000, 0x0000000611e00000, 0x0000000612000000|  0%| F|  |TAMS 0x0000000611e00000, 0x0000000611e00000| Untracked 
| 138|0x0000000612000000, 0x0000000612000000, 0x0000000612200000|  0%| F|  |TAMS 0x0000000612000000, 0x0000000612000000| Untracked 
| 139|0x0000000612200000, 0x0000000612200000, 0x0000000612400000|  0%| F|  |TAMS 0x0000000612200000, 0x0000000612200000| Untracked 
| 140|0x0000000612400000, 0x0000000612400000, 0x0000000612600000|  0%| F|  |TAMS 0x0000000612400000, 0x0000000612400000| Untracked 
| 141|0x0000000612600000, 0x0000000612600000, 0x0000000612800000|  0%| F|  |TAMS 0x0000000612600000, 0x0000000612600000| Untracked 
| 142|0x0000000612800000, 0x0000000612800000, 0x0000000612a00000|  0%| F|  |TAMS 0x0000000612800000, 0x0000000612800000| Untracked 
| 143|0x0000000612a00000, 0x0000000612a00000, 0x0000000612c00000|  0%| F|  |TAMS 0x0000000612a00000, 0x0000000612a00000| Untracked 
| 144|0x0000000612c00000, 0x0000000612c00000, 0x0000000612e00000|  0%| F|  |TAMS 0x0000000612c00000, 0x0000000612c00000| Untracked 
| 145|0x0000000612e00000, 0x0000000612e00000, 0x0000000613000000|  0%| F|  |TAMS 0x0000000612e00000, 0x0000000612e00000| Untracked 
| 146|0x0000000613000000, 0x0000000613000000, 0x0000000613200000|  0%| F|  |TAMS 0x0000000613000000, 0x0000000613000000| Untracked 
| 147|0x0000000613200000, 0x0000000613200000, 0x0000000613400000|  0%| F|  |TAMS 0x0000000613200000, 0x0000000613200000| Untracked 
| 148|0x0000000613400000, 0x0000000613400000, 0x0000000613600000|  0%| F|  |TAMS 0x0000000613400000, 0x0000000613400000| Untracked 
| 149|0x0000000613600000, 0x0000000613600000, 0x0000000613800000|  0%| F|  |TAMS 0x0000000613600000, 0x0000000613600000| Untracked 
| 150|0x0000000613800000, 0x0000000613800000, 0x0000000613a00000|  0%| F|  |TAMS 0x0000000613800000, 0x0000000613800000| Untracked 
| 151|0x0000000613a00000, 0x0000000613a00000, 0x0000000613c00000|  0%| F|  |TAMS 0x0000000613a00000, 0x0000000613a00000| Untracked 
| 152|0x0000000613c00000, 0x0000000613c00000, 0x0000000613e00000|  0%| F|  |TAMS 0x0000000613c00000, 0x0000000613c00000| Untracked 
| 153|0x0000000613e00000, 0x0000000613e00000, 0x0000000614000000|  0%| F|  |TAMS 0x0000000613e00000, 0x0000000613e00000| Untracked 
| 154|0x0000000614000000, 0x0000000614000000, 0x0000000614200000|  0%| F|  |TAMS 0x0000000614000000, 0x0000000614000000| Untracked 
| 155|0x0000000614200000, 0x0000000614200000, 0x0000000614400000|  0%| F|  |TAMS 0x0000000614200000, 0x0000000614200000| Untracked 
| 156|0x0000000614400000, 0x0000000614400000, 0x0000000614600000|  0%| F|  |TAMS 0x0000000614400000, 0x0000000614400000| Untracked 
| 157|0x0000000614600000, 0x0000000614600000, 0x0000000614800000|  0%| F|  |TAMS 0x0000000614600000, 0x0000000614600000| Untracked 
| 158|0x0000000614800000, 0x0000000614800000, 0x0000000614a00000|  0%| F|  |TAMS 0x0000000614800000, 0x0000000614800000| Untracked 
| 159|0x0000000614a00000, 0x0000000614a00000, 0x0000000614c00000|  0%| F|  |TAMS 0x0000000614a00000, 0x0000000614a00000| Untracked 
| 160|0x0000000614c00000, 0x0000000614c00000, 0x0000000614e00000|  0%| F|  |TAMS 0x0000000614c00000, 0x0000000614c00000| Untracked 
| 161|0x0000000614e00000, 0x0000000614e00000, 0x0000000615000000|  0%| F|  |TAMS 0x0000000614e00000, 0x0000000614e00000| Untracked 
| 162|0x0000000615000000, 0x0000000615000000, 0x0000000615200000|  0%| F|  |TAMS 0x0000000615000000, 0x0000000615000000| Untracked 
| 163|0x0000000615200000, 0x0000000615200000, 0x0000000615400000|  0%| F|  |TAMS 0x0000000615200000, 0x0000000615200000| Untracked 
| 164|0x0000000615400000, 0x0000000615400000, 0x0000000615600000|  0%| F|  |TAMS 0x0000000615400000, 0x0000000615400000| Untracked 
| 165|0x0000000615600000, 0x0000000615600000, 0x0000000615800000|  0%| F|  |TAMS 0x0000000615600000, 0x0000000615600000| Untracked 
| 166|0x0000000615800000, 0x0000000615800000, 0x0000000615a00000|  0%| F|  |TAMS 0x0000000615800000, 0x0000000615800000| Untracked 
| 167|0x0000000615a00000, 0x0000000615a00000, 0x0000000615c00000|  0%| F|  |TAMS 0x0000000615a00000, 0x0000000615a00000| Untracked 
| 168|0x0000000615c00000, 0x0000000615c00000, 0x0000000615e00000|  0%| F|  |TAMS 0x0000000615c00000, 0x0000000615c00000| Untracked 
| 169|0x0000000615e00000, 0x0000000615e00000, 0x0000000616000000|  0%| F|  |TAMS 0x0000000615e00000, 0x0000000615e00000| Untracked 
| 170|0x0000000616000000, 0x0000000616000000, 0x0000000616200000|  0%| F|  |TAMS 0x0000000616000000, 0x0000000616000000| Untracked 
| 171|0x0000000616200000, 0x0000000616200000, 0x0000000616400000|  0%| F|  |TAMS 0x0000000616200000, 0x0000000616200000| Untracked 
| 172|0x0000000616400000, 0x0000000616400000, 0x0000000616600000|  0%| F|  |TAMS 0x0000000616400000, 0x0000000616400000| Untracked 
| 173|0x0000000616600000, 0x0000000616600000, 0x0000000616800000|  0%| F|  |TAMS 0x0000000616600000, 0x0000000616600000| Untracked 
| 174|0x0000000616800000, 0x0000000616800000, 0x0000000616a00000|  0%| F|  |TAMS 0x0000000616800000, 0x0000000616800000| Untracked 
| 175|0x0000000616a00000, 0x0000000616a00000, 0x0000000616c00000|  0%| F|  |TAMS 0x0000000616a00000, 0x0000000616a00000| Untracked 
| 176|0x0000000616c00000, 0x0000000616c00000, 0x0000000616e00000|  0%| F|  |TAMS 0x0000000616c00000, 0x0000000616c00000| Untracked 
| 177|0x0000000616e00000, 0x0000000616e00000, 0x0000000617000000|  0%| F|  |TAMS 0x0000000616e00000, 0x0000000616e00000| Untracked 
| 178|0x0000000617000000, 0x0000000617000000, 0x0000000617200000|  0%| F|  |TAMS 0x0000000617000000, 0x0000000617000000| Untracked 
| 179|0x0000000617200000, 0x0000000617200000, 0x0000000617400000|  0%| F|  |TAMS 0x0000000617200000, 0x0000000617200000| Untracked 
| 180|0x0000000617400000, 0x0000000617400000, 0x0000000617600000|  0%| F|  |TAMS 0x0000000617400000, 0x0000000617400000| Untracked 
| 181|0x0000000617600000, 0x0000000617600000, 0x0000000617800000|  0%| F|  |TAMS 0x0000000617600000, 0x0000000617600000| Untracked 
| 182|0x0000000617800000, 0x0000000617800000, 0x0000000617a00000|  0%| F|  |TAMS 0x0000000617800000, 0x0000000617800000| Untracked 
| 183|0x0000000617a00000, 0x0000000617a00000, 0x0000000617c00000|  0%| F|  |TAMS 0x0000000617a00000, 0x0000000617a00000| Untracked 
| 184|0x0000000617c00000, 0x0000000617c00000, 0x0000000617e00000|  0%| F|  |TAMS 0x0000000617c00000, 0x0000000617c00000| Untracked 
| 185|0x0000000617e00000, 0x0000000617e00000, 0x0000000618000000|  0%| F|  |TAMS 0x0000000617e00000, 0x0000000617e00000| Untracked 
| 186|0x0000000618000000, 0x0000000618000000, 0x0000000618200000|  0%| F|  |TAMS 0x0000000618000000, 0x0000000618000000| Untracked 
| 187|0x0000000618200000, 0x0000000618200000, 0x0000000618400000|  0%| F|  |TAMS 0x0000000618200000, 0x0000000618200000| Untracked 
| 188|0x0000000618400000, 0x0000000618400000, 0x0000000618600000|  0%| F|  |TAMS 0x0000000618400000, 0x0000000618400000| Untracked 
| 189|0x0000000618600000, 0x0000000618600000, 0x0000000618800000|  0%| F|  |TAMS 0x0000000618600000, 0x0000000618600000| Untracked 
| 190|0x0000000618800000, 0x0000000618800000, 0x0000000618a00000|  0%| F|  |TAMS 0x0000000618800000, 0x0000000618800000| Untracked 
| 191|0x0000000618a00000, 0x0000000618a00000, 0x0000000618c00000|  0%| F|  |TAMS 0x0000000618a00000, 0x0000000618a00000| Untracked 
| 192|0x0000000618c00000, 0x0000000618c00000, 0x0000000618e00000|  0%| F|  |TAMS 0x0000000618c00000, 0x0000000618c00000| Untracked 
| 193|0x0000000618e00000, 0x0000000618e00000, 0x0000000619000000|  0%| F|  |TAMS 0x0000000618e00000, 0x0000000618e00000| Untracked 
| 194|0x0000000619000000, 0x0000000619000000, 0x0000000619200000|  0%| F|  |TAMS 0x0000000619000000, 0x0000000619000000| Untracked 
| 195|0x0000000619200000, 0x0000000619200000, 0x0000000619400000|  0%| F|  |TAMS 0x0000000619200000, 0x0000000619200000| Untracked 
| 196|0x0000000619400000, 0x0000000619400000, 0x0000000619600000|  0%| F|  |TAMS 0x0000000619400000, 0x0000000619400000| Untracked 
| 197|0x0000000619600000, 0x0000000619600000, 0x0000000619800000|  0%| F|  |TAMS 0x0000000619600000, 0x0000000619600000| Untracked 
| 198|0x0000000619800000, 0x0000000619800000, 0x0000000619a00000|  0%| F|  |TAMS 0x0000000619800000, 0x0000000619800000| Untracked 
| 199|0x0000000619a00000, 0x0000000619a00000, 0x0000000619c00000|  0%| F|  |TAMS 0x0000000619a00000, 0x0000000619a00000| Untracked 
| 200|0x0000000619c00000, 0x0000000619c00000, 0x0000000619e00000|  0%| F|  |TAMS 0x0000000619c00000, 0x0000000619c00000| Untracked 
| 201|0x0000000619e00000, 0x0000000619e00000, 0x000000061a000000|  0%| F|  |TAMS 0x0000000619e00000, 0x0000000619e00000| Untracked 
| 202|0x000000061a000000, 0x000000061a000000, 0x000000061a200000|  0%| F|  |TAMS 0x000000061a000000, 0x000000061a000000| Untracked 
| 203|0x000000061a200000, 0x000000061a200000, 0x000000061a400000|  0%| F|  |TAMS 0x000000061a200000, 0x000000061a200000| Untracked 
| 204|0x000000061a400000, 0x000000061a400000, 0x000000061a600000|  0%| F|  |TAMS 0x000000061a400000, 0x000000061a400000| Untracked 
| 205|0x000000061a600000, 0x000000061a600000, 0x000000061a800000|  0%| F|  |TAMS 0x000000061a600000, 0x000000061a600000| Untracked 
| 206|0x000000061a800000, 0x000000061a800000, 0x000000061aa00000|  0%| F|  |TAMS 0x000000061a800000, 0x000000061a800000| Untracked 
| 207|0x000000061aa00000, 0x000000061aa00000, 0x000000061ac00000|  0%| F|  |TAMS 0x000000061aa00000, 0x000000061aa00000| Untracked 
| 208|0x000000061ac00000, 0x000000061ac00000, 0x000000061ae00000|  0%| F|  |TAMS 0x000000061ac00000, 0x000000061ac00000| Untracked 
| 209|0x000000061ae00000, 0x000000061ae00000, 0x000000061b000000|  0%| F|  |TAMS 0x000000061ae00000, 0x000000061ae00000| Untracked 
| 210|0x000000061b000000, 0x000000061b000000, 0x000000061b200000|  0%| F|  |TAMS 0x000000061b000000, 0x000000061b000000| Untracked 
| 211|0x000000061b200000, 0x000000061b200000, 0x000000061b400000|  0%| F|  |TAMS 0x000000061b200000, 0x000000061b200000| Untracked 
| 212|0x000000061b400000, 0x000000061b400000, 0x000000061b600000|  0%| F|  |TAMS 0x000000061b400000, 0x000000061b400000| Untracked 
| 213|0x000000061b600000, 0x000000061b600000, 0x000000061b800000|  0%| F|  |TAMS 0x000000061b600000, 0x000000061b600000| Untracked 
| 214|0x000000061b800000, 0x000000061b800000, 0x000000061ba00000|  0%| F|  |TAMS 0x000000061b800000, 0x000000061b800000| Untracked 
| 215|0x000000061ba00000, 0x000000061ba00000, 0x000000061bc00000|  0%| F|  |TAMS 0x000000061ba00000, 0x000000061ba00000| Untracked 
| 216|0x000000061bc00000, 0x000000061bc00000, 0x000000061be00000|  0%| F|  |TAMS 0x000000061bc00000, 0x000000061bc00000| Untracked 
| 217|0x000000061be00000, 0x000000061be00000, 0x000000061c000000|  0%| F|  |TAMS 0x000000061be00000, 0x000000061be00000| Untracked 
| 218|0x000000061c000000, 0x000000061c000000, 0x000000061c200000|  0%| F|  |TAMS 0x000000061c000000, 0x000000061c000000| Untracked 
| 219|0x000000061c200000, 0x000000061c200000, 0x000000061c400000|  0%| F|  |TAMS 0x000000061c200000, 0x000000061c200000| Untracked 
| 220|0x000000061c400000, 0x000000061c400000, 0x000000061c600000|  0%| F|  |TAMS 0x000000061c400000, 0x000000061c400000| Untracked 
| 221|0x000000061c600000, 0x000000061c600000, 0x000000061c800000|  0%| F|  |TAMS 0x000000061c600000, 0x000000061c600000| Untracked 
| 222|0x000000061c800000, 0x000000061c800000, 0x000000061ca00000|  0%| F|  |TAMS 0x000000061c800000, 0x000000061c800000| Untracked 
| 223|0x000000061ca00000, 0x000000061ca00000, 0x000000061cc00000|  0%| F|  |TAMS 0x000000061ca00000, 0x000000061ca00000| Untracked 
| 224|0x000000061cc00000, 0x000000061cc00000, 0x000000061ce00000|  0%| F|  |TAMS 0x000000061cc00000, 0x000000061cc00000| Untracked 
| 225|0x000000061ce00000, 0x000000061ce00000, 0x000000061d000000|  0%| F|  |TAMS 0x000000061ce00000, 0x000000061ce00000| Untracked 
| 226|0x000000061d000000, 0x000000061d000000, 0x000000061d200000|  0%| F|  |TAMS 0x000000061d000000, 0x000000061d000000| Untracked 
| 227|0x000000061d200000, 0x000000061d200000, 0x000000061d400000|  0%| F|  |TAMS 0x000000061d200000, 0x000000061d200000| Untracked 
| 228|0x000000061d400000, 0x000000061d400000, 0x000000061d600000|  0%| F|  |TAMS 0x000000061d400000, 0x000000061d400000| Untracked 
| 229|0x000000061d600000, 0x000000061d600000, 0x000000061d800000|  0%| F|  |TAMS 0x000000061d600000, 0x000000061d600000| Untracked 
| 230|0x000000061d800000, 0x000000061d800000, 0x000000061da00000|  0%| F|  |TAMS 0x000000061d800000, 0x000000061d800000| Untracked 
| 231|0x000000061da00000, 0x000000061da00000, 0x000000061dc00000|  0%| F|  |TAMS 0x000000061da00000, 0x000000061da00000| Untracked 
| 232|0x000000061dc00000, 0x000000061dc00000, 0x000000061de00000|  0%| F|  |TAMS 0x000000061dc00000, 0x000000061dc00000| Untracked 
| 233|0x000000061de00000, 0x000000061de00000, 0x000000061e000000|  0%| F|  |TAMS 0x000000061de00000, 0x000000061de00000| Untracked 
| 234|0x000000061e000000, 0x000000061e000000, 0x000000061e200000|  0%| F|  |TAMS 0x000000061e000000, 0x000000061e000000| Untracked 
| 235|0x000000061e200000, 0x000000061e200000, 0x000000061e400000|  0%| F|  |TAMS 0x000000061e200000, 0x000000061e200000| Untracked 
| 236|0x000000061e400000, 0x000000061e400000, 0x000000061e600000|  0%| F|  |TAMS 0x000000061e400000, 0x000000061e400000| Untracked 
| 237|0x000000061e600000, 0x000000061e600000, 0x000000061e800000|  0%| F|  |TAMS 0x000000061e600000, 0x000000061e600000| Untracked 
| 238|0x000000061e800000, 0x000000061e800000, 0x000000061ea00000|  0%| F|  |TAMS 0x000000061e800000, 0x000000061e800000| Untracked 
| 239|0x000000061ea00000, 0x000000061ea00000, 0x000000061ec00000|  0%| F|  |TAMS 0x000000061ea00000, 0x000000061ea00000| Untracked 
| 240|0x000000061ec00000, 0x000000061ec00000, 0x000000061ee00000|  0%| F|  |TAMS 0x000000061ec00000, 0x000000061ec00000| Untracked 
| 241|0x000000061ee00000, 0x000000061ee00000, 0x000000061f000000|  0%| F|  |TAMS 0x000000061ee00000, 0x000000061ee00000| Untracked 
| 242|0x000000061f000000, 0x000000061f000000, 0x000000061f200000|  0%| F|  |TAMS 0x000000061f000000, 0x000000061f000000| Untracked 
| 243|0x000000061f200000, 0x000000061f200000, 0x000000061f400000|  0%| F|  |TAMS 0x000000061f200000, 0x000000061f200000| Untracked 
| 244|0x000000061f400000, 0x000000061f400000, 0x000000061f600000|  0%| F|  |TAMS 0x000000061f400000, 0x000000061f400000| Untracked 
| 245|0x000000061f600000, 0x000000061f600800, 0x000000061f800000|  0%| E|  |TAMS 0x000000061f600000, 0x000000061f600000| Complete 
| 246|0x000000061f800000, 0x000000061fa00000, 0x000000061fa00000|100%| E|CS|TAMS 0x000000061f800000, 0x000000061f800000| Complete 
| 247|0x000000061fa00000, 0x000000061fc00000, 0x000000061fc00000|100%| E|CS|TAMS 0x000000061fa00000, 0x000000061fa00000| Complete 
| 248|0x000000061fc00000, 0x000000061fe00000, 0x000000061fe00000|100%| E|CS|TAMS 0x000000061fc00000, 0x000000061fc00000| Complete 
| 249|0x000000061fe00000, 0x0000000620000000, 0x0000000620000000|100%| E|CS|TAMS 0x000000061fe00000, 0x000000061fe00000| Complete 
| 250|0x0000000620000000, 0x0000000620200000, 0x0000000620200000|100%| E|CS|TAMS 0x0000000620000000, 0x0000000620000000| Complete 
| 251|0x0000000620200000, 0x0000000620400000, 0x0000000620400000|100%| E|CS|TAMS 0x0000000620200000, 0x0000000620200000| Complete 
| 252|0x0000000620400000, 0x0000000620600000, 0x0000000620600000|100%| E|CS|TAMS 0x0000000620400000, 0x0000000620400000| Complete 
| 253|0x0000000620600000, 0x0000000620800000, 0x0000000620800000|100%| E|CS|TAMS 0x0000000620600000, 0x0000000620600000| Complete 
| 254|0x0000000620800000, 0x0000000620a00000, 0x0000000620a00000|100%| E|CS|TAMS 0x0000000620800000, 0x0000000620800000| Complete 
| 255|0x0000000620a00000, 0x0000000620c00000, 0x0000000620c00000|100%| E|CS|TAMS 0x0000000620a00000, 0x0000000620a00000| Complete 

Card table byte_map: [0x000001793ce20000,0x000001793de20000] _byte_map_base: 0x0000017939e1a000

Marking Bits (Prev, Next): (CMBitMap*) 0x0000017928c82238, (CMBitMap*) 0x0000017928c82278
 Prev Bits: [0x000001793ee20000, 0x0000017946df0000)
 Next Bits: [0x0000017946df0000, 0x000001794edc0000)

Polling page: 0x0000017926b50000

Metaspace:

Usage:
  Non-class:     13.59 MB capacity,    13.43 MB ( 99%) used,   136.71 KB ( <1%) free+waste,    26.00 KB ( <1%) overhead. 
      Class:      1.57 MB capacity,     1.44 MB ( 92%) used,   121.22 KB (  8%) free+waste,    14.06 KB ( <1%) overhead. 
       Both:     15.15 MB capacity,    14.86 MB ( 98%) used,   257.93 KB (  2%) free+waste,    40.06 KB ( <1%) overhead. 

Virtual space:
  Non-class space:       14.00 MB reserved,      13.75 MB ( 98%) committed 
      Class space:        1.00 GB reserved,       1.63 MB ( <1%) committed 
             Both:        1.01 GB reserved,      15.38 MB (  1%) committed 

Chunk freelists:
   Non-Class:  39.00 KB
       Class:  27.00 KB
        Both:  66.00 KB

MaxMetaspaceSize: 17179869184.00 GB
CompressedClassSpaceSize: 1.00 GB

CodeHeap 'non-profiled nmethods': size=120000Kb used=560Kb max_used=560Kb free=119439Kb
 bounds [0x00000179343a0000, 0x0000017934610000, 0x000001793b8d0000]
CodeHeap 'profiled nmethods': size=120000Kb used=3139Kb max_used=3139Kb free=116860Kb
 bounds [0x000001792ce70000, 0x000001792d190000, 0x00000179343a0000]
CodeHeap 'non-nmethods': size=5760Kb used=1283Kb max_used=1327Kb free=4476Kb
 bounds [0x000001792c8d0000, 0x000001792cb40000, 0x000001792ce70000]
 total_blobs=2183 nmethods=1612 adapters=484
 compilation: enabled
              stopped_count=0, restarted_count=0
 full_count=0

Compilation events (20 events):
Event: 12.472 Thread 0x0000017952528000 1602       4       sun.font.CompositeFont::getMapper (24 bytes)
Event: 12.473 Thread 0x0000017952528000 nmethod 1602 0x0000017934424110 code [0x00000179344242a0, 0x0000017934424338]
Event: 12.473 Thread 0x0000017952528000 1603       4       sun.font.GlyphList::ensureCapacity (79 bytes)
Event: 12.474 Thread 0x0000017952528000 nmethod 1603 0x0000017934424410 code [0x00000179344245c0, 0x0000017934424718]
Event: 12.555 Thread 0x0000017952528000 1604       4       sun.font.GlyphList::dispose (48 bytes)
Event: 12.556 Thread 0x0000017952528000 nmethod 1604 0x0000017934424810 code [0x00000179344249a0, 0x0000017934424ad8]
Event: 12.691 Thread 0x0000017952528000 1605   !   4       sun.java2d.pipe.BufferedTextPipe::drawGlyphList (58 bytes)
Event: 12.717 Thread 0x0000017952528000 nmethod 1605 0x0000017934424b90 code [0x0000017934425020, 0x0000017934426520]
Event: 13.048 Thread 0x0000017952528000 1606       4       java.security.ProtectionDomain$JavaSecurityAccessImpl::doIntersectionPrivilege (22 bytes)
Event: 13.054 Thread 0x0000017952528000 nmethod 1606 0x0000017934427410 code [0x0000017934427660, 0x0000017934427de8]
Event: 13.290 Thread 0x0000017952528000 1607   !   4       sun.java2d.SunGraphics2D::drawString (132 bytes)
Event: 13.314 Thread 0x0000017952528000 nmethod 1607 0x0000017934428610 code [0x0000017934428ac0, 0x000001793442ad40]
Event: 14.075 Thread 0x0000017952528000 1609       4       java.awt.geom.AffineTransform::isIdentity (20 bytes)
Event: 14.077 Thread 0x0000017952528000 nmethod 1609 0x000001793442bd10 code [0x000001793442bea0, 0x000001793442bf88]
Event: 14.122 Thread 0x000001795252a000 1610       3       sun.font.StandardGlyphVector::setupGlyphImages (110 bytes)
Event: 14.123 Thread 0x000001795252a000 nmethod 1610 0x000001792d17f790 code [0x000001792d17f9c0, 0x000001792d1800d8]
Event: 14.123 Thread 0x000001795252a000 1611       3       sun.font.StandardGlyphVector::setRenderTransform (44 bytes)
Event: 14.123 Thread 0x000001795252a000 nmethod 1611 0x000001792d180390 code [0x000001792d180560, 0x000001792d1807c8]
Event: 14.123 Thread 0x000001795252a000 1612       3       sun.java2d.pipe.GlyphListPipe::drawGlyphList (7 bytes)
Event: 14.123 Thread 0x000001795252a000 nmethod 1612 0x000001792d180910 code [0x000001792d180ac0, 0x000001792d180c88]

GC Heap History (0 events):
No events

Deoptimization events (20 events):
Event: 0.735 Thread 0x000001795a1d1800 Uncommon trap: trap_request=0xffffffde fr.pc=0x00000179343dca58 relative=0x0000000000000b58
Event: 0.735 Thread 0x000001795a1d1800 Uncommon trap: reason=class_check action=maybe_recompile pc=0x00000179343dca58 method=java.util.HashMap.putVal(ILjava/lang/Object;Ljava/lang/Object;ZZ)Ljava/lang/Object; @ 203 c2
Event: 0.735 Thread 0x000001795a1d1800 DEOPT PACKING pc=0x00000179343dca58 sp=0x0000001be0dfe420
Event: 0.735 Thread 0x000001795a1d1800 DEOPT UNPACKING pc=0x000001792c91912f sp=0x0000001be0dfe3c0 mode 2
Event: 0.736 Thread 0x000001795a1d1800 Uncommon trap: trap_request=0xffffffde fr.pc=0x00000179343dca58 relative=0x0000000000000b58
Event: 0.736 Thread 0x000001795a1d1800 Uncommon trap: reason=class_check action=maybe_recompile pc=0x00000179343dca58 method=java.util.HashMap.putVal(ILjava/lang/Object;Ljava/lang/Object;ZZ)Ljava/lang/Object; @ 203 c2
Event: 0.736 Thread 0x000001795a1d1800 DEOPT PACKING pc=0x00000179343dca58 sp=0x0000001be0dfe420
Event: 0.736 Thread 0x000001795a1d1800 DEOPT UNPACKING pc=0x000001792c91912f sp=0x0000001be0dfe3c0 mode 2
Event: 4.654 Thread 0x0000017952feb800 Uncommon trap: trap_request=0xffffff45 fr.pc=0x0000017934401318 relative=0x0000000000000258
Event: 4.654 Thread 0x0000017952feb800 Uncommon trap: reason=unstable_if action=reinterpret pc=0x0000017934401318 method=java.security.AccessControlContext.optimize()Ljava/security/AccessControlContext; @ 207 c2
Event: 4.654 Thread 0x0000017952feb800 DEOPT PACKING pc=0x0000017934401318 sp=0x0000001be0bff180
Event: 4.654 Thread 0x0000017952feb800 DEOPT UNPACKING pc=0x000001792c91912f sp=0x0000001be0bff0e0 mode 2
Event: 4.773 Thread 0x0000017952aba800 Uncommon trap: trap_request=0xffffff45 fr.pc=0x00000179343fa988 relative=0x0000000000000168
Event: 4.773 Thread 0x0000017952aba800 Uncommon trap: reason=unstable_if action=reinterpret pc=0x00000179343fa988 method=java.util.concurrent.locks.ReentrantLock$NonfairSync.initialTryLock()Z @ 10 c2
Event: 4.773 Thread 0x0000017952aba800 DEOPT PACKING pc=0x00000179343fa988 sp=0x0000001be08fdd90
Event: 4.773 Thread 0x0000017952aba800 DEOPT UNPACKING pc=0x000001792c91912f sp=0x0000001be08fdc78 mode 2
Event: 5.810 Thread 0x0000017952aba800 Uncommon trap: trap_request=0xffffff45 fr.pc=0x00000179343fdad8 relative=0x0000000000000138
Event: 5.810 Thread 0x0000017952aba800 Uncommon trap: reason=unstable_if action=reinterpret pc=0x00000179343fdad8 method=java.util.concurrent.locks.ReentrantLock$NonfairSync.initialTryLock()Z @ 10 c2
Event: 5.810 Thread 0x0000017952aba800 DEOPT PACKING pc=0x00000179343fdad8 sp=0x0000001be08fdd00
Event: 5.810 Thread 0x0000017952aba800 DEOPT UNPACKING pc=0x000001792c91912f sp=0x0000001be08fdca8 mode 2

Classes unloaded (0 events):
No events

Classes redefined (0 events):
No events

Internal exceptions (15 events):
Event: 0.120 Thread 0x0000017928bfc000 Exception <a 'java/lang/ClassNotFoundException'{0x0000000620b4dd98}: sun/awt/resources/spi/awtProvider> (0x0000000620b4dd98) 
thrown [./open/src/hotspot/share/classfile/systemDictionary.cpp, line 226]
Event: 0.144 Thread 0x0000017928bfc000 Exception <a 'java/io/FileNotFoundException'{0x0000000620ba26f0}> (0x0000000620ba26f0) 
thrown [./open/src/hotspot/share/prims/jni.cpp, line 599]
Event: 0.148 Thread 0x0000017928bfc000 Exception <a 'java/io/FileNotFoundException'{0x0000000620bc8b28}> (0x0000000620bc8b28) 
thrown [./open/src/hotspot/share/prims/jni.cpp, line 599]
Event: 0.197 Thread 0x0000017952aba800 Exception <a 'java/lang/NoSuchMethodError'{0x0000000620880748}: 'void java.lang.invoke.DirectMethodHandle$Holder.invokeSpecial(java.lang.Object, java.lang.Object)'> (0x0000000620880748) 
thrown [./open/src/hotspot/share/interpreter/linkResolver.cpp, line 766]
Event: 0.345 Thread 0x0000017928bfc000 Exception <a 'java/lang/NoSuchMethodError'{0x0000000620905dd0}: 'java.lang.Object java.lang.invoke.DirectMethodHandle$Holder.invokeStatic(java.lang.Object, int, java.lang.Object, java.lang.Object, java.lang.Object, java.lang.Object)'> (0x0000000620905dd0) 
thrown [./open/src/hotspot/share/interpreter/linkResolver.cpp, line 766]
Event: 0.345 Thread 0x0000017928bfc000 Exception <a 'java/lang/NoSuchMethodError'{0x000000062090c6f0}: 'java.lang.Object java.lang.invoke.DirectMethodHandle$Holder.invokeStatic(java.lang.Object, int, java.lang.Object, java.lang.Object, java.lang.Object)'> (0x000000062090c6f0) 
thrown [./open/src/hotspot/share/interpreter/linkResolver.cpp, line 766]
Event: 0.346 Thread 0x0000017928bfc000 Exception <a 'java/lang/NoSuchMethodError'{0x000000062090ff40}: 'java.lang.Object java.lang.invoke.DirectMethodHandle$Holder.invokeSpecial(java.lang.Object, java.lang.Object, int, java.lang.Object, java.lang.Object, java.lang.Object)'> (0x000000062090ff40) 
thrown [./open/src/hotspot/share/interpreter/linkResolver.cpp, line 766]
Event: 0.348 Thread 0x0000017928bfc000 Exception <a 'java/lang/NoSuchMethodError'{0x00000006209262e8}: 'java.lang.Object java.lang.invoke.DirectMethodHandle$Holder.invokeStatic(java.lang.Object, int, java.lang.Object)'> (0x00000006209262e8) 
thrown [./open/src/hotspot/share/interpreter/linkResolver.cpp, line 766]
Event: 0.363 Thread 0x0000017928bfc000 Exception <a 'java/lang/ClassNotFoundException'{0x00000006209c9ab8}: com/sun/swing/internal/plaf/metal/resources/spi/metalProvider> (0x00000006209c9ab8) 
thrown [./open/src/hotspot/share/classfile/systemDictionary.cpp, line 226]
Event: 0.364 Thread 0x0000017928bfc000 Exception <a 'java/lang/ClassNotFoundException'{0x00000006209cdba0}: com/sun/swing/internal/plaf/basic/resources/spi/basicProvider> (0x00000006209cdba0) 
thrown [./open/src/hotspot/share/classfile/systemDictionary.cpp, line 226]
Event: 0.401 Thread 0x0000017928bfc000 Exception <a 'java/lang/NoSuchMethodError'{0x0000000620660520}: 'java.lang.Object java.lang.invoke.DirectMethodHandle$Holder.invokeStaticInit(java.lang.Object, int, int, int, int)'> (0x0000000620660520) 
thrown [./open/src/hotspot/share/interpreter/linkResolver.cpp, line 766]
Event: 0.450 Thread 0x0000017928bfc000 Exception <a 'java/lang/NoSuchMethodError'{0x000000062071ff70}: 'java.lang.Object java.lang.invoke.DirectMethodHandle$Holder.invokeStaticInit(java.lang.Object, java.lang.Object, int, int, int, int)'> (0x000000062071ff70) 
thrown [./open/src/hotspot/share/interpreter/linkResolver.cpp, line 766]
Event: 0.539 Thread 0x0000017928bfc000 Exception <a 'java/lang/NoSuchMethodError'{0x0000000620280548}: 'void java.lang.invoke.DirectMethodHandle$Holder.invokeSpecial(java.lang.Object, java.lang.Object, java.lang.Object, java.lang.Object)'> (0x0000000620280548) 
thrown [./open/src/hotspot/share/interpreter/linkResolver.cpp, line 766]
Event: 0.559 Thread 0x0000017928bfc000 Exception <a 'java/lang/NoSuchMethodError'{0x00000006202b4d60}: 'void java.lang.invoke.DirectMethodHandle$Holder.invokeStaticInit(java.lang.Object)'> (0x00000006202b4d60) 
thrown [./open/src/hotspot/share/interpreter/linkResolver.cpp, line 766]
Event: 0.584 Thread 0x0000017928bfc000 Exception <a 'java/lang/NoSuchMethodError'{0x000000062038d3e0}: 'java.lang.Object java.lang.invoke.Invokers$Holder.linkToTargetMethod(java.lang.Object, int, java.lang.Object)'> (0x000000062038d3e0) 
thrown [./open/src/hotspot/share/interpreter/linkResolver.cpp, line 766]

Events (20 events):
Event: 4.671 loading class sun/awt/image/BufImgSurfaceData done
Event: 4.671 loading class sun/awt/image/BufImgSurfaceData$ICMColorData
Event: 4.671 loading class sun/awt/image/BufImgSurfaceData$ICMColorData done
Event: 9.271 Loaded shared library C:\Users\mvleg\.p2\pool\plugins\org.eclipse.justj.openjdk.hotspot.jre.full.win32.x86_64_14.0.2.v20200815-0932\jre\bin\java.dll
Event: 10.768 loading class java/security/DomainCombiner
Event: 10.768 loading class java/security/DomainCombiner done
Event: 14.145 Executing VM operation: HandshakeOneThread
Event: 14.145 Executing VM operation: HandshakeOneThread done
Event: 14.145 Thread 0x000001795a509800 Thread added: 0x000001795a509800
Event: 14.145 Thread 0x000001795304f000 Thread added: 0x000001795304f000
Event: 14.145 Thread 0x0000017953051000 Thread added: 0x0000017953051000
Event: 14.145 loading class java/util/WeakHashMap$KeyIterator
Event: 14.145 Thread 0x000001795304f000 Thread exited: 0x000001795304f000
Event: 14.145 Executing VM operation: HandshakeOneThread
Event: 14.145 loading class java/util/WeakHashMap$HashIterator
Event: 14.145 Executing VM operation: HandshakeOneThread done
Event: 14.145 Thread 0x000001795a1fd800 Thread exited: 0x000001795a1fd800
Event: 14.145 loading class java/util/WeakHashMap$HashIterator done
Event: 14.145 loading class java/util/WeakHashMap$KeyIterator done
Event: 14.146 Thread 0x000001795a509800 Thread exited: 0x000001795a509800


Dynamic libraries:
0x00007ff7eb180000 - 0x00007ff7eb18d000 	C:\Users\mvleg\.p2\pool\plugins\org.eclipse.justj.openjdk.hotspot.jre.full.win32.x86_64_14.0.2.v20200815-0932\jre\bin\javaw.exe
0x00007ffa295f0000 - 0x00007ffa297e8000 	C:\Windows\SYSTEM32\ntdll.dll
0x00007ffa28bb0000 - 0x00007ffa28c6d000 	C:\Windows\System32\KERNEL32.DLL
0x00007ffa27240000 - 0x00007ffa2750e000 	C:\Windows\System32\KERNELBASE.dll
0x00007ffa26ee0000 - 0x00007ffa26fe0000 	C:\Windows\System32\ucrtbase.dll
0x00007ffa1fc50000 - 0x00007ffa1fc68000 	C:\Users\mvleg\.p2\pool\plugins\org.eclipse.justj.openjdk.hotspot.jre.full.win32.x86_64_14.0.2.v20200815-0932\jre\bin\jli.dll
0x00007ffa1fb00000 - 0x00007ffa1fb15000 	C:\Users\mvleg\.p2\pool\plugins\org.eclipse.justj.openjdk.hotspot.jre.full.win32.x86_64_14.0.2.v20200815-0932\jre\bin\VCRUNTIME140.dll
0x00007ffa292f0000 - 0x00007ffa29490000 	C:\Windows\System32\USER32.dll
0x00007ffa0e860000 - 0x00007ffa0eafa000 	C:\Windows\WinSxS\amd64_microsoft.windows.common-controls_6595b64144ccf1df_6.0.19041.1110_none_60b5254171f9507e\COMCTL32.dll
0x00007ffa27510000 - 0x00007ffa27532000 	C:\Windows\System32\win32u.dll
0x00007ffa29120000 - 0x00007ffa291be000 	C:\Windows\System32\msvcrt.dll
0x00007ffa28ca0000 - 0x00007ffa28cca000 	C:\Windows\System32\GDI32.dll
0x00007ffa26d10000 - 0x00007ffa26e1b000 	C:\Windows\System32\gdi32full.dll
0x00007ffa275b0000 - 0x00007ffa2764d000 	C:\Windows\System32\msvcp_win.dll
0x00007ffa28c70000 - 0x00007ffa28ca0000 	C:\Windows\System32\IMM32.DLL
0x00007ffa0d760000 - 0x00007ffa0d7fb000 	C:\Users\mvleg\.p2\pool\plugins\org.eclipse.justj.openjdk.hotspot.jre.full.win32.x86_64_14.0.2.v20200815-0932\jre\bin\msvcp140.dll
0x00007ff9b6a60000 - 0x00007ff9b757e000 	C:\Users\mvleg\.p2\pool\plugins\org.eclipse.justj.openjdk.hotspot.jre.full.win32.x86_64_14.0.2.v20200815-0932\jre\bin\server\jvm.dll
0x00007ffa282b0000 - 0x00007ffa2835e000 	C:\Windows\System32\ADVAPI32.dll
0x00007ffa27830000 - 0x00007ffa278cc000 	C:\Windows\System32\sechost.dll
0x00007ffa291c0000 - 0x00007ffa292e5000 	C:\Windows\System32\RPCRT4.dll
0x00007ffa27650000 - 0x00007ffa27658000 	C:\Windows\System32\PSAPI.DLL
0x00007ffa03740000 - 0x00007ffa03749000 	C:\Windows\SYSTEM32\WSOCK32.dll
0x00007ffa14a10000 - 0x00007ffa14a37000 	C:\Windows\SYSTEM32\WINMM.dll
0x00007ffa28510000 - 0x00007ffa2857b000 	C:\Windows\System32\WS2_32.dll
0x00007ffa20820000 - 0x00007ffa2082a000 	C:\Windows\SYSTEM32\VERSION.dll
0x00007ffa24b50000 - 0x00007ffa24b62000 	C:\Windows\SYSTEM32\kernel.appcore.dll
0x00007ffa21350000 - 0x00007ffa2135a000 	C:\Users\mvleg\.p2\pool\plugins\org.eclipse.justj.openjdk.hotspot.jre.full.win32.x86_64_14.0.2.v20200815-0932\jre\bin\jimage.dll
0x00007ffa20280000 - 0x00007ffa20464000 	C:\Windows\SYSTEM32\DBGHELP.DLL
0x00007ffa20210000 - 0x00007ffa2023c000 	C:\Windows\SYSTEM32\dbgcore.DLL
0x00007ffa26e20000 - 0x00007ffa26ea2000 	C:\Windows\System32\bcryptPrimitives.dll
0x00007ffa1d4d0000 - 0x00007ffa1d4f5000 	C:\Users\mvleg\.p2\pool\plugins\org.eclipse.justj.openjdk.hotspot.jre.full.win32.x86_64_14.0.2.v20200815-0932\jre\bin\java.dll
0x00007ffa17fa0000 - 0x00007ffa17fb6000 	C:\Users\mvleg\.p2\pool\plugins\org.eclipse.justj.openjdk.hotspot.jre.full.win32.x86_64_14.0.2.v20200815-0932\jre\bin\zip.dll
0x00007ffa27a80000 - 0x00007ffa281c4000 	C:\Windows\System32\SHELL32.dll
0x00007ffa24e30000 - 0x00007ffa255c4000 	C:\Windows\SYSTEM32\windows.storage.dll
0x00007ffa28db0000 - 0x00007ffa29104000 	C:\Windows\System32\combase.dll
0x00007ffa26700000 - 0x00007ffa26730000 	C:\Windows\SYSTEM32\Wldp.dll
0x00007ffa27660000 - 0x00007ffa2770d000 	C:\Windows\System32\SHCORE.dll
0x00007ffa28d30000 - 0x00007ffa28d85000 	C:\Windows\System32\shlwapi.dll
0x00007ffa26c50000 - 0x00007ffa26c6f000 	C:\Windows\SYSTEM32\profapi.dll
0x00007ffa0c6a0000 - 0x00007ffa0c838000 	C:\Users\mvleg\.p2\pool\plugins\org.eclipse.justj.openjdk.hotspot.jre.full.win32.x86_64_14.0.2.v20200815-0932\jre\bin\awt.dll
0x00007ffa28580000 - 0x00007ffa2864d000 	C:\Windows\System32\OLEAUT32.dll
0x00007ffa24650000 - 0x00007ffa246e0000 	C:\Windows\SYSTEM32\apphelp.dll
0x00007ffa24b20000 - 0x00007ffa24b4f000 	C:\Windows\system32\DWMAPI.DLL
0x00007ffa24750000 - 0x00007ffa247ee000 	C:\Windows\system32\uxtheme.dll
0x00007ff9c99d0000 - 0x00007ff9c9af7000 	C:\Windows\system32\opengl32.dll
0x00007ff9e09a0000 - 0x00007ff9e09cc000 	C:\Windows\SYSTEM32\GLU32.dll
0x00007ffa29490000 - 0x00007ffa295a5000 	C:\Windows\System32\MSCTF.dll
0x00007ffa283e0000 - 0x00007ffa2850a000 	C:\Windows\System32\ole32.dll
0x00007ffa26900000 - 0x00007ffa26912000 	C:\Windows\SYSTEM32\msasn1.dll
0x00007ffa20760000 - 0x00007ffa20791000 	C:\Windows\SYSTEM32\cryptnet.dll
0x00007ffa27090000 - 0x00007ffa271e6000 	C:\Windows\System32\CRYPT32.dll
0x00007ffa20470000 - 0x00007ffa205b8000 	C:\Windows\SYSTEM32\drvstore.dll
0x00007ffa26ac0000 - 0x00007ffa26aec000 	C:\Windows\SYSTEM32\devobj.dll
0x00007ffa271f0000 - 0x00007ffa2723e000 	C:\Windows\System32\cfgmgr32.dll
0x00007ffa26650000 - 0x00007ffa2665c000 	C:\Windows\SYSTEM32\cryptbase.dll
0x00007ffa27540000 - 0x00007ffa275a7000 	C:\Windows\System32\WINTRUST.DLL
0x00007ffa28d90000 - 0x00007ffa28dad000 	C:\Windows\System32\imagehlp.dll
0x00007ffa26660000 - 0x00007ffa26678000 	C:\Windows\SYSTEM32\CRYPTSP.dll
0x00007ffa25de0000 - 0x00007ffa25e14000 	C:\Windows\system32\rsaenh.dll
0x00007ffa26eb0000 - 0x00007ffa26ed7000 	C:\Windows\System32\bcrypt.dll
0x00007ff9e9a60000 - 0x00007ff9e9d27000 	C:\Windows\system32\nvspcap64.dll
0x00007ffa25a10000 - 0x00007ffa25a43000 	C:\Windows\SYSTEM32\ntmarta.dll
0x00007ffa255e0000 - 0x00007ffa25603000 	C:\Windows\SYSTEM32\gpapi.dll
0x00007ffa13170000 - 0x00007ffa131ab000 	C:\Windows\SYSTEM32\dxcore.dll
0x00007ffa26c10000 - 0x00007ffa26c3e000 	C:\Windows\SYSTEM32\USERENV.dll
0x00007ffa17f80000 - 0x00007ffa17f99000 	C:\Users\mvleg\.p2\pool\plugins\org.eclipse.justj.openjdk.hotspot.jre.full.win32.x86_64_14.0.2.v20200815-0932\jre\bin\net.dll
0x00007ffa1e190000 - 0x00007ffa1e29a000 	C:\Windows\SYSTEM32\WINHTTP.dll
0x00007ffa26460000 - 0x00007ffa264ca000 	C:\Windows\system32\mswsock.dll
0x00007ffa26150000 - 0x00007ffa2618b000 	C:\Windows\SYSTEM32\IPHLPAPI.DLL
0x00007ffa27770000 - 0x00007ffa27778000 	C:\Windows\System32\NSI.dll
0x00007ffa20b10000 - 0x00007ffa20b27000 	C:\Windows\SYSTEM32\dhcpcsvc6.DLL
0x00007ffa20d80000 - 0x00007ffa20d9d000 	C:\Windows\SYSTEM32\dhcpcsvc.DLL
0x00007ffa26190000 - 0x00007ffa2625b000 	C:\Windows\SYSTEM32\DNSAPI.dll
0x00007ffa0f1e0000 - 0x00007ffa0f1f2000 	C:\Users\mvleg\.p2\pool\plugins\org.eclipse.justj.openjdk.hotspot.jre.full.win32.x86_64_14.0.2.v20200815-0932\jre\bin\nio.dll
0x00007ffa0cfc0000 - 0x00007ffa0d042000 	C:\Users\mvleg\.p2\pool\plugins\org.eclipse.justj.openjdk.hotspot.jre.full.win32.x86_64_14.0.2.v20200815-0932\jre\bin\freetype.dll
0x00007ffa0b830000 - 0x00007ffa0b8d6000 	C:\Users\mvleg\.p2\pool\plugins\org.eclipse.justj.openjdk.hotspot.jre.full.win32.x86_64_14.0.2.v20200815-0932\jre\bin\fontmanager.dll
0x00007ffa16a90000 - 0x00007ffa16b89000 	C:\Windows\SYSTEM32\textinputframework.dll
0x00007ffa240c0000 - 0x00007ffa2441e000 	C:\Windows\System32\CoreUIComponents.dll
0x00007ffa24420000 - 0x00007ffa24512000 	C:\Windows\System32\CoreMessaging.dll
0x00007ffa23950000 - 0x00007ffa23aa4000 	C:\Windows\SYSTEM32\wintypes.dll

dbghelp: loaded successfully - version: 4.0.5 - missing functions: none
symbol engine: initialized successfully - sym options: 0x614 - pdb path: .;C:\Users\mvleg\.p2\pool\plugins\org.eclipse.justj.openjdk.hotspot.jre.full.win32.x86_64_14.0.2.v20200815-0932\jre\bin;C:\Windows\SYSTEM32;C:\Windows\WinSxS\amd64_microsoft.windows.common-controls_6595b64144ccf1df_6.0.19041.1110_none_60b5254171f9507e;C:\Users\mvleg\.p2\pool\plugins\org.eclipse.justj.openjdk.hotspot.jre.full.win32.x86_64_14.0.2.v20200815-0932\jre\bin\server;C:\Windows\System32\DriverStore\FileRepository\nv_dispi.inf_amd64_c0e159863e7afdde

VM Arguments:
jvm_args: -Dfile.encoding=Cp1252 -XX:+ShowCodeDetailsInExceptionMessages 
java_command: window.Window
java_class_path (initial): C:\Users\mvleg\OneDrive\Documents\GitHub\GMTK-Game-Jam-2022-Roll-of-the-Dice\Roll of the Dice Dungeon Game\bin;C:\Users\mvleg\eclipse-workspace\Physics\bin;C:\Users\mvleg\OneDrive\Documents\GitHub\GMTK-Game-Jam-2022-Roll-of-the-Dice\Game\bin
Launcher Type: SUN_STANDARD

[Global flags]
     intx CICompilerCount                          = 4                                         {product} {ergonomic}
     uint ConcGCThreads                            = 3                                         {product} {ergonomic}
     uint G1ConcRefinementThreads                  = 10                                        {product} {ergonomic}
   size_t G1HeapRegionSize                         = 2097152                                   {product} {ergonomic}
    uintx GCDrainStackTargetSize                   = 64                                        {product} {ergonomic}
   size_t InitialHeapSize                          = 536870912                                 {product} {ergonomic}
   size_t MarkStackSize                            = 4194304                                   {product} {ergonomic}
   size_t MaxHeapSize                              = 8577351680                                {product} {ergonomic}
   size_t MaxNewSize                               = 5146411008                                {product} {ergonomic}
   size_t MinHeapDeltaBytes                        = 2097152                                   {product} {ergonomic}
   size_t MinHeapSize                              = 8388608                                   {product} {ergonomic}
    uintx NonNMethodCodeHeapSize                   = 5839372                                {pd product} {ergonomic}
    uintx NonProfiledCodeHeapSize                  = 122909434                              {pd product} {ergonomic}
    uintx ProfiledCodeHeapSize                     = 122909434                              {pd product} {ergonomic}
    uintx ReservedCodeCacheSize                    = 251658240                              {pd product} {ergonomic}
     bool SegmentedCodeCache                       = true                                      {product} {ergonomic}
     bool ShowCodeDetailsInExceptionMessages       = true                                   {manageable} {command line}
   size_t SoftMaxHeapSize                          = 8577351680                             {manageable} {ergonomic}
     bool UseCompressedClassPointers               = true                                 {lp64_product} {ergonomic}
     bool UseCompressedOops                        = true                                 {lp64_product} {ergonomic}
     bool UseG1GC                                  = true                                      {product} {ergonomic}
     bool UseLargePagesIndividualAllocation        = false                                  {pd product} {ergonomic}

Logging:
Log output configuration:
 #0: stdout all=warning uptime,level,tags
 #1: stderr all=off uptime,level,tags

Environment Variables:
PATH=C:/Users/mvleg/.p2/pool/plugins/org.eclipse.justj.openjdk.hotspot.jre.full.win32.x86_64_15.0.1.v20201027-0507/jre/bin/server;C:/Users/mvleg/.p2/pool/plugins/org.eclipse.justj.openjdk.hotspot.jre.full.win32.x86_64_15.0.1.v20201027-0507/jre/bin;C:\Program Files\NVIDIA GPU Computing Toolkit\CUDA\v11.2\bin;C:\Program Files\NVIDIA GPU Computing Toolkit\CUDA\v11.2\libnvvp;C:\Program Files\NVIDIA GPU Computing Toolkit\CUDA\v11.1\bin;C:\Program Files\NVIDIA GPU Computing Toolkit\CUDA\v11.1\libnvvp;C:\Program Files (x86)\Common Files\Oracle\Java\javapath;C:\Windows\system32;C:\Windows;C:\Windows\System32\Wbem;C:\Windows\System32\WindowsPowerShell\v1.0\;C:\Windows\System32\OpenSSH\;C:\Program Files (x86)\NVIDIA Corporation\PhysX\Common;C:\Program Files\NVIDIA Corporation\Nsight Compute 2020.3.0\;C:\Program Files\NVIDIA Corporation\NVIDIA NvDLISR;C:\Users\mvleg\AppData\Local\Programs\Python\Python39\Scripts\;C:\Users\mvleg\AppData\Local\Programs\Python\Python39\;C:\Users\mvleg\AppData\Local\Microsoft\WindowsApps;;C:\Users\mvleg\OneDrive\Desktop;
USERNAME=mvleg
OS=Windows_NT
PROCESSOR_IDENTIFIER=AMD64 Family 23 Model 8 Stepping 2, AuthenticAMD



---------------  S Y S T E M  ---------------

OS: Windows 10 , 64 bit Build 19041 (10.0.19041.1806)
OS uptime: 2 days 1:08 hours

CPU:total 12 (initial active 12) (12 cores per cpu, 2 threads per core) family 23 model 8 stepping 2, cmov, cx8, fxsr, mmx, sse, sse2, sse3, ssse3, sse4.1, sse4.2, popcnt, avx, avx2, aes, clmul, mmxext, 3dnowpref, lzcnt, sse4a, ht, tsc, tscinvbit, tscinv, bmi1, bmi2, adx, sha, fma

Memory: 4k page, system-wide physical 32716M (22580M free)
TotalPageFile size 37580M (AvailPageFile size 22840M)
current process WorkingSet (physical memory assigned to process): 94M, peak: 113M
current process commit charge ("private bytes"): 657M, peak: 677M

vm_info: OpenJDK 64-Bit Server VM (14.0.2+12-46) for windows-amd64 JRE (14.0.2+12-46), built on Jul  9 2020 00:31:16 by "mach5one" with MS VC++ 15.9 (VS2017)

END.
